Using pre-set license
Built from '2020.3/staging' branch; Version is '2020.3.9f1 (108be757e447) revision 1084391'; Using compiler version '192528614'; Build Type 'Release'
OS: 'Windows 10 Pro; OS build 19042.1165; Version 2009; 64bit' Language: 'tr' Physical Memory: 15741 MB
BatchMode: 1, IsHumanControllingUs: 0, StartBugReporterOnCrash: 0, Is64bit: 1, IsPro: 0

 COMMAND LINE ARGUMENTS:
C:\Program Files\Unity\Hub\Editor\2020.3.9f1\Editor\Unity.exe
-adb2
-batchMode
-noUpm
-name
AssetImportWorker0
-projectPath
C:/Users/ibrah/Documents/VertigoUnity3D/VertigoCalisma
-logFile
Logs/AssetImportWorker0.log
-srvPort
54407
Successfully changed project path to: C:/Users/ibrah/Documents/VertigoUnity3D/VertigoCalisma
C:/Users/ibrah/Documents/VertigoUnity3D/VertigoCalisma
Using Asset Import Pipeline V2.
Refreshing native plugins compatible for Editor in 45.50 ms, found 0 plugins.
Preloading 0 native plugins for Editor in 0.00 ms.
Initialize engine version: 2020.3.9f1 (108be757e447)
[Subsystems] Discovering subsystems at path C:/Program Files/Unity/Hub/Editor/2020.3.9f1/Editor/Data/Resources/UnitySubsystems
[Subsystems] Discovering subsystems at path C:/Users/ibrah/Documents/VertigoUnity3D/VertigoCalisma/Assets
GfxDevice: creating device client; threaded=0
Direct3D:
    Version:  Direct3D 11.0 [level 11.1]
    Renderer: NVIDIA GeForce GTX 1650 Ti (ID=0x1f95)
    Vendor:   
    VRAM:     3962 MB
    Driver:   30.0.14.7111
Initialize mono
Mono path[0] = 'C:/Program Files/Unity/Hub/Editor/2020.3.9f1/Editor/Data/Managed'
Mono path[1] = 'C:/Program Files/Unity/Hub/Editor/2020.3.9f1/Editor/Data/MonoBleedingEdge/lib/mono/unityjit'
Mono config path = 'C:/Program Files/Unity/Hub/Editor/2020.3.9f1/Editor/Data/MonoBleedingEdge/etc'
Using monoOptions --debugger-agent=transport=dt_socket,embedding=1,server=y,suspend=n,address=127.0.0.1:56124
Begin MonoManager ReloadAssembly
Registering precompiled unity dll's ...
Register platform support module: C:/Program Files/Unity/Hub/Editor/2020.3.9f1/Editor/Data/PlaybackEngines/WebGLSupport/UnityEditor.WebGL.Extensions.dll
Register platform support module: C:/Program Files/Unity/Hub/Editor/2020.3.9f1/Editor/Data/PlaybackEngines/WindowsStandaloneSupport/UnityEditor.WindowsStandalone.Extensions.dll
Registered in 0.003425 seconds.
Native extension for WindowsStandalone target not found
Native extension for WebGL target not found
Refreshing native plugins compatible for Editor in 33.55 ms, found 0 plugins.
Preloading 0 native plugins for Editor in 0.00 ms.
Mono: successfully reloaded assembly
- Completed reload, in  1.838 seconds
Platform modules already initialized, skipping
Registering precompiled user dll's ...
Registered in 0.001045 seconds.
Begin MonoManager ReloadAssembly
Native extension for WindowsStandalone target not found
Native extension for WebGL target not found
Refreshing native plugins compatible for Editor in 0.26 ms, found 0 plugins.
Preloading 0 native plugins for Editor in 0.00 ms.
Mono: successfully reloaded assembly
- Completed reload, in  1.242 seconds
Platform modules already initialized, skipping
========================================================================
Worker process is ready to serve import requests
Launched and connected shader compiler UnityShaderCompiler.exe after 0.11 seconds
Refreshing native plugins compatible for Editor in 0.51 ms, found 0 plugins.
Preloading 0 native plugins for Editor in 0.00 ms.
Unloading 1118 Unused Serialized files (Serialized files now loaded: 0)
System memory in use before: 57.2 MB.
System memory in use after: 57.3 MB.

Unloading 10 unused Assets to reduce memory usage. Loaded Objects now: 1560.
Total: 2.286700 ms (FindLiveObjects: 0.174800 ms CreateObjectMapping: 0.040400 ms MarkObjects: 1.964900 ms  DeleteObjects: 0.103900 ms)

========================================================================
Received Import Request.
  path: Assets/PhsyicMaterials
  artifactKey: Guid(707d731514a13d044a9f9b20e7e2461e) Importer(815301076,1909f56bfc062723c751e8b465ee728b)
Start importing Assets/PhsyicMaterials using Guid(707d731514a13d044a9f9b20e7e2461e) Importer(815301076,1909f56bfc062723c751e8b465ee728b)  -> (artifact id: 'a179c3787ae265cd2ec399a341ef3597') in 0.005622 seconds
  Import took 0.008626 seconds .

========================================================================
Received Import Request.
  Time since last request: 44.504317 seconds.
  path: Assets/PhsyicMaterials/PhysicMaterials_Bouncy.physicMaterial
  artifactKey: Guid(4c93145de48a84a4dbfd3c6c94a0da13) Importer(815301076,1909f56bfc062723c751e8b465ee728b)
Start importing Assets/PhsyicMaterials/PhysicMaterials_Bouncy.physicMaterial using Guid(4c93145de48a84a4dbfd3c6c94a0da13) Importer(815301076,1909f56bfc062723c751e8b465ee728b)  -> (artifact id: '539f812e3eb1d11f844acb4ac355320c') in 0.058741 seconds
  Import took 0.062077 seconds .

========================================================================
Received Import Request.
  Time since last request: 0.005613 seconds.
  path: Assets/PhsyicMaterials/PhysicMaterials_Bouncy.physicMaterial
  artifactKey: Guid(4c93145de48a84a4dbfd3c6c94a0da13) Importer(815301076,1909f56bfc062723c751e8b465ee728b)
Start importing Assets/PhsyicMaterials/PhysicMaterials_Bouncy.physicMaterial using Guid(4c93145de48a84a4dbfd3c6c94a0da13) Importer(815301076,1909f56bfc062723c751e8b465ee728b)  -> (artifact id: '539f812e3eb1d11f844acb4ac355320c') in 0.004543 seconds
  Import took 0.007871 seconds .

========================================================================
Received Prepare
Registering precompiled user dll's ...
Registered in 0.001655 seconds.
Begin MonoManager ReloadAssembly
Native extension for WindowsStandalone target not found
Native extension for WebGL target not found
Refreshing native plugins compatible for Editor in 0.26 ms, found 0 plugins.
Preloading 0 native plugins for Editor in 0.00 ms.
Mono: successfully reloaded assembly
- Completed reload, in  1.217 seconds
Platform modules already initialized, skipping
Refreshing native plugins compatible for Editor in 0.26 ms, found 0 plugins.
Preloading 0 native plugins for Editor in 0.00 ms.
Unloading 1113 Unused Serialized files (Serialized files now loaded: 0)
System memory in use before: 57.2 MB.
System memory in use after: 57.2 MB.

Unloading 5 unused Assets to reduce memory usage. Loaded Objects now: 1563.
Total: 2.744700 ms (FindLiveObjects: 0.227400 ms CreateObjectMapping: 0.064600 ms MarkObjects: 2.377500 ms  DeleteObjects: 0.073200 ms)

========================================================================
Received Prepare
Registering precompiled user dll's ...
Registered in 0.001295 seconds.
Begin MonoManager ReloadAssembly
Native extension for WindowsStandalone target not found
Native extension for WebGL target not found
Refreshing native plugins compatible for Editor in 0.26 ms, found 0 plugins.
Preloading 0 native plugins for Editor in 0.00 ms.
Mono: successfully reloaded assembly
- Completed reload, in  1.452 seconds
Platform modules already initialized, skipping
Refreshing native plugins compatible for Editor in 0.38 ms, found 0 plugins.
Preloading 0 native plugins for Editor in 0.00 ms.
Unloading 1113 Unused Serialized files (Serialized files now loaded: 0)
System memory in use before: 57.2 MB.
System memory in use after: 57.3 MB.

Unloading 5 unused Assets to reduce memory usage. Loaded Objects now: 1566.
Total: 2.238200 ms (FindLiveObjects: 0.187400 ms CreateObjectMapping: 0.038600 ms MarkObjects: 1.942500 ms  DeleteObjects: 0.067700 ms)

========================================================================
Received Prepare
Registering precompiled user dll's ...
Registered in 0.000915 seconds.
Begin MonoManager ReloadAssembly
Native extension for WindowsStandalone target not found
Native extension for WebGL target not found
Refreshing native plugins compatible for Editor in 0.58 ms, found 0 plugins.
Preloading 0 native plugins for Editor in 0.00 ms.
Mono: successfully reloaded assembly
- Completed reload, in  1.233 seconds
Platform modules already initialized, skipping
Refreshing native plugins compatible for Editor in 0.31 ms, found 0 plugins.
Preloading 0 native plugins for Editor in 0.00 ms.
Unloading 1113 Unused Serialized files (Serialized files now loaded: 0)
System memory in use before: 57.2 MB.
System memory in use after: 57.3 MB.

Unloading 5 unused Assets to reduce memory usage. Loaded Objects now: 1569.
Total: 3.110300 ms (FindLiveObjects: 0.217200 ms CreateObjectMapping: 0.063200 ms MarkObjects: 2.757400 ms  DeleteObjects: 0.070400 ms)

========================================================================
Received Import Request.
  Time since last request: 262.294286 seconds.
  path: Assets/Scrips/Lessons/ControlRigidbody.cs
  artifactKey: Guid(6edff2a6a61f5ad41ae411ab2b1ca173) Importer(815301076,1909f56bfc062723c751e8b465ee728b)
Start importing Assets/Scrips/Lessons/ControlRigidbody.cs using Guid(6edff2a6a61f5ad41ae411ab2b1ca173) Importer(815301076,1909f56bfc062723c751e8b465ee728b)  -> (artifact id: '4409b7de6e95fe4440153faf702d91a1') in 0.015081 seconds
  Import took 0.019346 seconds .

========================================================================
Received Prepare
Registering precompiled user dll's ...
Registered in 0.001542 seconds.
Begin MonoManager ReloadAssembly
Native extension for WindowsStandalone target not found
Native extension for WebGL target not found
Refreshing native plugins compatible for Editor in 0.27 ms, found 0 plugins.
Preloading 0 native plugins for Editor in 0.00 ms.
Mono: successfully reloaded assembly
- Completed reload, in  1.128 seconds
Platform modules already initialized, skipping
Refreshing native plugins compatible for Editor in 0.25 ms, found 0 plugins.
Preloading 0 native plugins for Editor in 0.00 ms.
Unloading 1114 Unused Serialized files (Serialized files now loaded: 0)
System memory in use before: 57.2 MB.
System memory in use after: 57.3 MB.

Unloading 5 unused Assets to reduce memory usage. Loaded Objects now: 1573.
Total: 2.248800 ms (FindLiveObjects: 0.240300 ms CreateObjectMapping: 0.066700 ms MarkObjects: 1.868600 ms  DeleteObjects: 0.071100 ms)

========================================================================
Received Prepare
Registering precompiled user dll's ...
Registered in 0.001585 seconds.
Begin MonoManager ReloadAssembly
Native extension for WindowsStandalone target not found
Native extension for WebGL target not found
Refreshing native plugins compatible for Editor in 0.38 ms, found 0 plugins.
Preloading 0 native plugins for Editor in 0.00 ms.
Mono: successfully reloaded assembly
- Completed reload, in  1.177 seconds
Platform modules already initialized, skipping
Refreshing native plugins compatible for Editor in 0.25 ms, found 0 plugins.
Preloading 0 native plugins for Editor in 0.00 ms.
Unloading 1114 Unused Serialized files (Serialized files now loaded: 0)
System memory in use before: 57.2 MB.
System memory in use after: 57.3 MB.

Unloading 5 unused Assets to reduce memory usage. Loaded Objects now: 1576.
Total: 2.651000 ms (FindLiveObjects: 0.230200 ms CreateObjectMapping: 0.037800 ms MarkObjects: 2.300700 ms  DeleteObjects: 0.080300 ms)

========================================================================
Received Prepare
Registering precompiled user dll's ...
Registered in 0.001016 seconds.
Begin MonoManager ReloadAssembly
Native extension for WindowsStandalone target not found
Native extension for WebGL target not found
Refreshing native plugins compatible for Editor in 0.28 ms, found 0 plugins.
Preloading 0 native plugins for Editor in 0.00 ms.
Mono: successfully reloaded assembly
- Completed reload, in  1.217 seconds
Platform modules already initialized, skipping
Refreshing native plugins compatible for Editor in 0.38 ms, found 0 plugins.
Preloading 0 native plugins for Editor in 0.00 ms.
Unloading 1114 Unused Serialized files (Serialized files now loaded: 0)
System memory in use before: 57.3 MB.
System memory in use after: 57.3 MB.

Unloading 5 unused Assets to reduce memory usage. Loaded Objects now: 1579.
Total: 3.349600 ms (FindLiveObjects: 0.231500 ms CreateObjectMapping: 0.066300 ms MarkObjects: 2.954700 ms  DeleteObjects: 0.094300 ms)

========================================================================
Received Prepare
Registering precompiled user dll's ...
Registered in 0.002090 seconds.
Begin MonoManager ReloadAssembly
Native extension for WindowsStandalone target not found
Native extension for WebGL target not found
Refreshing native plugins compatible for Editor in 0.26 ms, found 0 plugins.
Preloading 0 native plugins for Editor in 0.00 ms.
Mono: successfully reloaded assembly
- Completed reload, in  1.198 seconds
Platform modules already initialized, skipping
Refreshing native plugins compatible for Editor in 0.31 ms, found 0 plugins.
Preloading 0 native plugins for Editor in 0.00 ms.
Unloading 1114 Unused Serialized files (Serialized files now loaded: 0)
System memory in use before: 57.3 MB.
System memory in use after: 57.3 MB.

Unloading 5 unused Assets to reduce memory usage. Loaded Objects now: 1582.
Total: 2.533900 ms (FindLiveObjects: 0.238800 ms CreateObjectMapping: 0.069800 ms MarkObjects: 2.151900 ms  DeleteObjects: 0.071100 ms)

========================================================================
Received Import Request.
  Time since last request: 571.041025 seconds.
  path: Assets/PhsyicMaterials/PhysicMaterials_Bouncy.physicMaterial
  artifactKey: Guid(4c93145de48a84a4dbfd3c6c94a0da13) Importer(815301076,1909f56bfc062723c751e8b465ee728b)
Start importing Assets/PhsyicMaterials/PhysicMaterials_Bouncy.physicMaterial using Guid(4c93145de48a84a4dbfd3c6c94a0da13) Importer(815301076,1909f56bfc062723c751e8b465ee728b)  -> (artifact id: 'c7a410653d692da9bcfcdb037acb20c6') in 0.022319 seconds
  Import took 0.026117 seconds .

========================================================================
Received Prepare
Registering precompiled user dll's ...
Registered in 0.001006 seconds.
Begin MonoManager ReloadAssembly
Native extension for WindowsStandalone target not found
Native extension for WebGL target not found
Refreshing native plugins compatible for Editor in 0.29 ms, found 0 plugins.
Preloading 0 native plugins for Editor in 0.00 ms.
Mono: successfully reloaded assembly
- Completed reload, in  1.193 seconds
Platform modules already initialized, skipping
Refreshing native plugins compatible for Editor in 0.37 ms, found 0 plugins.
Preloading 0 native plugins for Editor in 0.00 ms.
Unloading 1114 Unused Serialized files (Serialized files now loaded: 0)
System memory in use before: 57.3 MB.
System memory in use after: 57.3 MB.

Unloading 5 unused Assets to reduce memory usage. Loaded Objects now: 1585.
Total: 3.076800 ms (FindLiveObjects: 0.226300 ms CreateObjectMapping: 0.065700 ms MarkObjects: 2.716000 ms  DeleteObjects: 0.066600 ms)

========================================================================
Received Prepare
Registering precompiled user dll's ...
Registered in 0.001407 seconds.
Begin MonoManager ReloadAssembly
Native extension for WindowsStandalone target not found
Native extension for WebGL target not found
Refreshing native plugins compatible for Editor in 0.26 ms, found 0 plugins.
Preloading 0 native plugins for Editor in 0.00 ms.
Mono: successfully reloaded assembly
- Completed reload, in  1.221 seconds
Platform modules already initialized, skipping
Refreshing native plugins compatible for Editor in 0.25 ms, found 0 plugins.
Preloading 0 native plugins for Editor in 0.00 ms.
Unloading 1114 Unused Serialized files (Serialized files now loaded: 0)
System memory in use before: 57.3 MB.
System memory in use after: 57.3 MB.

Unloading 5 unused Assets to reduce memory usage. Loaded Objects now: 1588.
Total: 2.790900 ms (FindLiveObjects: 0.234100 ms CreateObjectMapping: 0.064900 ms MarkObjects: 2.420900 ms  DeleteObjects: 0.069000 ms)

========================================================================
Received Prepare
Registering precompiled user dll's ...
Registered in 0.000935 seconds.
Begin MonoManager ReloadAssembly
Native extension for WindowsStandalone target not found
Native extension for WebGL target not found
Refreshing native plugins compatible for Editor in 0.39 ms, found 0 plugins.
Preloading 0 native plugins for Editor in 0.00 ms.
Mono: successfully reloaded assembly
- Completed reload, in  1.394 seconds
Platform modules already initialized, skipping
Refreshing native plugins compatible for Editor in 0.26 ms, found 0 plugins.
Preloading 0 native plugins for Editor in 0.00 ms.
Unloading 1114 Unused Serialized files (Serialized files now loaded: 0)
System memory in use before: 57.3 MB.
System memory in use after: 57.3 MB.

Unloading 5 unused Assets to reduce memory usage. Loaded Objects now: 1591.
Total: 2.547000 ms (FindLiveObjects: 0.238900 ms CreateObjectMapping: 0.066100 ms MarkObjects: 2.171200 ms  DeleteObjects: 0.069100 ms)

========================================================================
Received Prepare
Registering precompiled user dll's ...
Registered in 0.001363 seconds.
Begin MonoManager ReloadAssembly
Native extension for WindowsStandalone target not found
Native extension for WebGL target not found
Refreshing native plugins compatible for Editor in 0.27 ms, found 0 plugins.
Preloading 0 native plugins for Editor in 0.00 ms.
Mono: successfully reloaded assembly
- Completed reload, in  1.237 seconds
Platform modules already initialized, skipping
Refreshing native plugins compatible for Editor in 0.25 ms, found 0 plugins.
Preloading 0 native plugins for Editor in 0.00 ms.
Unloading 1114 Unused Serialized files (Serialized files now loaded: 0)
System memory in use before: 57.3 MB.
System memory in use after: 57.4 MB.

Unloading 5 unused Assets to reduce memory usage. Loaded Objects now: 1594.
Total: 2.263900 ms (FindLiveObjects: 0.233200 ms CreateObjectMapping: 0.065400 ms MarkObjects: 1.893200 ms  DeleteObjects: 0.069900 ms)

========================================================================
Received Import Request.
  Time since last request: 724.978983 seconds.
  path: Assets/Scrips/Lessons/ControlRigidbodySettings.cs
  artifactKey: Guid(daca795c20c746f47a9d8fa669e26924) Importer(815301076,1909f56bfc062723c751e8b465ee728b)
Start importing Assets/Scrips/Lessons/ControlRigidbodySettings.cs using Guid(daca795c20c746f47a9d8fa669e26924) Importer(815301076,1909f56bfc062723c751e8b465ee728b)  -> (artifact id: 'b31a03c515d295b802a64df9a6943e3f') in 0.008116 seconds
  Import took 0.012055 seconds .

========================================================================
Received Prepare
Registering precompiled user dll's ...
Registered in 0.001511 seconds.
Begin MonoManager ReloadAssembly
Native extension for WindowsStandalone target not found
Native extension for WebGL target not found
Refreshing native plugins compatible for Editor in 0.38 ms, found 0 plugins.
Preloading 0 native plugins for Editor in 0.00 ms.
Mono: successfully reloaded assembly
- Completed reload, in  1.235 seconds
Platform modules already initialized, skipping
Refreshing native plugins compatible for Editor in 0.26 ms, found 0 plugins.
Preloading 0 native plugins for Editor in 0.00 ms.
Unloading 1115 Unused Serialized files (Serialized files now loaded: 0)
System memory in use before: 57.3 MB.
System memory in use after: 57.4 MB.

Unloading 5 unused Assets to reduce memory usage. Loaded Objects now: 1598.
Total: 2.481200 ms (FindLiveObjects: 0.185500 ms CreateObjectMapping: 0.037500 ms MarkObjects: 2.187900 ms  DeleteObjects: 0.068300 ms)

========================================================================
Received Import Request.
  Time since last request: 231.134080 seconds.
  path: Assets/Scrips/Lessons/ControlRigidbodySettings.cs
  artifactKey: Guid(daca795c20c746f47a9d8fa669e26924) Importer(815301076,1909f56bfc062723c751e8b465ee728b)
Start importing Assets/Scrips/Lessons/ControlRigidbodySettings.cs using Guid(daca795c20c746f47a9d8fa669e26924) Importer(815301076,1909f56bfc062723c751e8b465ee728b)  -> (artifact id: '8633b6c0c8feac3164fe37cf25825091') in 0.008199 seconds
  Import took 0.012881 seconds .

========================================================================
Received Prepare
Registering precompiled user dll's ...
Registered in 0.001017 seconds.
Begin MonoManager ReloadAssembly
Native extension for WindowsStandalone target not found
Native extension for WebGL target not found
Refreshing native plugins compatible for Editor in 0.25 ms, found 0 plugins.
Preloading 0 native plugins for Editor in 0.00 ms.
Mono: successfully reloaded assembly
- Completed reload, in  1.148 seconds
Platform modules already initialized, skipping
Refreshing native plugins compatible for Editor in 0.25 ms, found 0 plugins.
Preloading 0 native plugins for Editor in 0.00 ms.
Unloading 1115 Unused Serialized files (Serialized files now loaded: 0)
System memory in use before: 57.3 MB.
System memory in use after: 57.4 MB.

Unloading 5 unused Assets to reduce memory usage. Loaded Objects now: 1601.
Total: 3.338000 ms (FindLiveObjects: 0.228900 ms CreateObjectMapping: 0.064400 ms MarkObjects: 2.968500 ms  DeleteObjects: 0.073800 ms)

========================================================================
Received Prepare
Registering precompiled user dll's ...
Registered in 0.001617 seconds.
Begin MonoManager ReloadAssembly
Native extension for WindowsStandalone target not found
Native extension for WebGL target not found
Refreshing native plugins compatible for Editor in 0.27 ms, found 0 plugins.
Preloading 0 native plugins for Editor in 0.00 ms.
Mono: successfully reloaded assembly
- Completed reload, in  1.220 seconds
Platform modules already initialized, skipping
Refreshing native plugins compatible for Editor in 0.47 ms, found 0 plugins.
Preloading 0 native plugins for Editor in 0.00 ms.
Unloading 1115 Unused Serialized files (Serialized files now loaded: 0)
System memory in use before: 57.3 MB.
System memory in use after: 57.4 MB.

Unloading 5 unused Assets to reduce memory usage. Loaded Objects now: 1604.
Total: 3.236500 ms (FindLiveObjects: 0.226400 ms CreateObjectMapping: 0.068300 ms MarkObjects: 2.830900 ms  DeleteObjects: 0.108600 ms)

========================================================================
Received Import Request.
  Time since last request: 90.104901 seconds.
  path: Assets/ScriptableObjects/New Control Rigidbody Settings.asset
  artifactKey: Guid(0c5031e10e02cb644b86c856968620ce) Importer(815301076,1909f56bfc062723c751e8b465ee728b)
Start importing Assets/ScriptableObjects/New Control Rigidbody Settings.asset using Guid(0c5031e10e02cb644b86c856968620ce) Importer(815301076,1909f56bfc062723c751e8b465ee728b)  -> (artifact id: 'ea1a97176e603ebc64adf61d373249e6') in 0.020647 seconds
  Import took 0.023687 seconds .

========================================================================
Received Import Request.
  Time since last request: 0.012219 seconds.
  path: Assets/ScriptableObjects/New Control Rigidbody Settings.asset
  artifactKey: Guid(0c5031e10e02cb644b86c856968620ce) Importer(815301076,1909f56bfc062723c751e8b465ee728b)
Start importing Assets/ScriptableObjects/New Control Rigidbody Settings.asset using Guid(0c5031e10e02cb644b86c856968620ce) Importer(815301076,1909f56bfc062723c751e8b465ee728b)  -> (artifact id: 'ea1a97176e603ebc64adf61d373249e6') in 0.005055 seconds
  Import took 0.008957 seconds .

========================================================================
Received Import Request.
  Time since last request: 25.705049 seconds.
  path: Assets/ScriptableObjects/ControlRigidbodySettings_Default.asset
  artifactKey: Guid(0c5031e10e02cb644b86c856968620ce) Importer(815301076,1909f56bfc062723c751e8b465ee728b)
Start importing Assets/ScriptableObjects/ControlRigidbodySettings_Default.asset using Guid(0c5031e10e02cb644b86c856968620ce) Importer(815301076,1909f56bfc062723c751e8b465ee728b)  -> (artifact id: '1e46a81f4039cb9e339a55aa11b7dd45') in 0.006580 seconds
  Import took 0.011343 seconds .

========================================================================
Received Import Request.
  Time since last request: 0.048000 seconds.
  path: Assets/ScriptableObjects/ControlRigidbodySettings_Default.asset
  artifactKey: Guid(0c5031e10e02cb644b86c856968620ce) Importer(815301076,1909f56bfc062723c751e8b465ee728b)
Start importing Assets/ScriptableObjects/ControlRigidbodySettings_Default.asset using Guid(0c5031e10e02cb644b86c856968620ce) Importer(815301076,1909f56bfc062723c751e8b465ee728b)  -> (artifact id: '1e46a81f4039cb9e339a55aa11b7dd45') in 0.006273 seconds
  Import took 0.010899 seconds .

========================================================================
Received Prepare
Registering precompiled user dll's ...
Registered in 0.000972 seconds.
Begin MonoManager ReloadAssembly
Native extension for WindowsStandalone target not found
Native extension for WebGL target not found
Refreshing native plugins compatible for Editor in 0.26 ms, found 0 plugins.
Preloading 0 native plugins for Editor in 0.00 ms.
Mono: successfully reloaded assembly
- Completed reload, in  1.095 seconds
Platform modules already initialized, skipping
Refreshing native plugins compatible for Editor in 0.27 ms, found 0 plugins.
Preloading 0 native plugins for Editor in 0.00 ms.
Unloading 1115 Unused Serialized files (Serialized files now loaded: 0)
System memory in use before: 57.3 MB.
System memory in use after: 57.4 MB.

Unloading 5 unused Assets to reduce memory usage. Loaded Objects now: 1607.
Total: 2.980600 ms (FindLiveObjects: 0.255400 ms CreateObjectMapping: 0.064100 ms MarkObjects: 2.589200 ms  DeleteObjects: 0.069900 ms)

========================================================================
Received Prepare
Registering precompiled user dll's ...
Registered in 0.000989 seconds.
Begin MonoManager ReloadAssembly
Native extension for WindowsStandalone target not found
Native extension for WebGL target not found
Refreshing native plugins compatible for Editor in 0.27 ms, found 0 plugins.
Preloading 0 native plugins for Editor in 0.00 ms.
Mono: successfully reloaded assembly
- Completed reload, in  1.233 seconds
Platform modules already initialized, skipping
Refreshing native plugins compatible for Editor in 0.37 ms, found 0 plugins.
Preloading 0 native plugins for Editor in 0.00 ms.
Unloading 1115 Unused Serialized files (Serialized files now loaded: 0)
System memory in use before: 57.3 MB.
System memory in use after: 57.4 MB.

Unloading 5 unused Assets to reduce memory usage. Loaded Objects now: 1610.
Total: 2.206500 ms (FindLiveObjects: 0.236400 ms CreateObjectMapping: 0.069600 ms MarkObjects: 1.829200 ms  DeleteObjects: 0.069300 ms)

========================================================================
Received Import Request.
  Time since last request: 2355.551719 seconds.
  path: Assets/Scrips/Lessons/ControlRigidbodySettings.cs
  artifactKey: Guid(daca795c20c746f47a9d8fa669e26924) Importer(815301076,1909f56bfc062723c751e8b465ee728b)
Start importing Assets/Scrips/Lessons/ControlRigidbodySettings.cs using Guid(daca795c20c746f47a9d8fa669e26924) Importer(815301076,1909f56bfc062723c751e8b465ee728b)  -> (artifact id: '2438ab9c8f85e12d59915ae105f27d3e') in 0.009959 seconds
  Import took 0.015174 seconds .

========================================================================
Received Import Request.
  Time since last request: 0.005378 seconds.
  path: Assets/Scrips/Lessons/ControlRigidbodySettings.cs
  artifactKey: Guid(daca795c20c746f47a9d8fa669e26924) Importer(815301076,1909f56bfc062723c751e8b465ee728b)
Start importing Assets/Scrips/Lessons/ControlRigidbodySettings.cs using Guid(daca795c20c746f47a9d8fa669e26924) Importer(815301076,1909f56bfc062723c751e8b465ee728b)  -> (artifact id: '2438ab9c8f85e12d59915ae105f27d3e') in 0.004728 seconds
  Import took 0.009205 seconds .

AssetImportWorkerClient::OnTransportError - code=2 error=End of file
